{"/Users/tomaszkuczera/Documents/Playground/wimhof-method-app/lib/analytics.ts": {"path":"/Users/tomaszkuczera/Documents/Playground/wimhof-method-app/lib/analytics.ts","statementMap":{"0":{"start":{"line":5,"column":12},"end":{"line":5,"column":null}},"1":{"start":{"line":6,"column":14},"end":{"line":6,"column":null}},"2":{"start":{"line":7,"column":15},"end":{"line":7,"column":null}},"3":{"start":{"line":8,"column":2},"end":{"line":8,"column":null}},"4":{"start":{"line":9,"column":2},"end":{"line":9,"column":null}},"5":{"start":{"line":10,"column":2},"end":{"line":10,"column":null}},"6":{"start":{"line":15,"column":12},"end":{"line":15,"column":null}},"7":{"start":{"line":16,"column":14},"end":{"line":16,"column":null}},"8":{"start":{"line":17,"column":2},"end":{"line":17,"column":null}},"9":{"start":{"line":17,"column":15},"end":{"line":17,"column":null}},"10":{"start":{"line":18,"column":2},"end":{"line":18,"column":null}},"11":{"start":{"line":22,"column":2},"end":{"line":22,"column":null}},"12":{"start":{"line":22,"column":29},"end":{"line":22,"column":null}},"13":{"start":{"line":24,"column":16},"end":{"line":26,"column":null}},"14":{"start":{"line":25,"column":32},"end":{"line":25,"column":52}},"15":{"start":{"line":26,"column":19},"end":{"line":26,"column":37}},"16":{"start":{"line":28,"column":8},"end":{"line":28,"column":null}},"17":{"start":{"line":30,"column":2},"end":{"line":35,"column":null}},"18":{"start":{"line":31,"column":22},"end":{"line":33,"column":null}},"19":{"start":{"line":34,"column":4},"end":{"line":34,"column":null}},"20":{"start":{"line":34,"column":32},"end":{"line":34,"column":null}},"21":{"start":{"line":37,"column":15},"end":{"line":37,"column":null}},"22":{"start":{"line":38,"column":2},"end":{"line":47,"column":null}},"23":{"start":{"line":38,"column":15},"end":{"line":38,"column":18}},"24":{"start":{"line":39,"column":17},"end":{"line":39,"column":null}},"25":{"start":{"line":40,"column":17},"end":{"line":40,"column":null}},"26":{"start":{"line":41,"column":10},"end":{"line":41,"column":null}},"27":{"start":{"line":42,"column":4},"end":{"line":46,"column":null}},"28":{"start":{"line":43,"column":6},"end":{"line":43,"column":null}},"29":{"start":{"line":45,"column":6},"end":{"line":45,"column":null}},"30":{"start":{"line":49,"column":2},"end":{"line":49,"column":null}},"31":{"start":{"line":57,"column":2},"end":{"line":57,"column":null}},"32":{"start":{"line":57,"column":29},"end":{"line":57,"column":null}},"33":{"start":{"line":58,"column":15},"end":{"line":62,"column":null}},"34":{"start":{"line":59,"column":4},"end":{"line":61,"column":null}},"35":{"start":{"line":60,"column":42},"end":{"line":60,"column":49}},"36":{"start":{"line":63,"column":2},"end":{"line":63,"column":null}},"37":{"start":{"line":63,"column":31},"end":{"line":63,"column":38}}},"fnMap":{"0":{"name":"startOfWeek","decl":{"start":{"line":4,"column":16},"end":{"line":4,"column":28}},"loc":{"start":{"line":4,"column":46},"end":{"line":11,"column":null}},"line":4},"1":{"name":"formatSeconds","decl":{"start":{"line":14,"column":16},"end":{"line":14,"column":30}},"loc":{"start":{"line":14,"column":49},"end":{"line":19,"column":null}},"line":14},"2":{"name":"calculateStreak","decl":{"start":{"line":21,"column":16},"end":{"line":21,"column":32}},"loc":{"start":{"line":21,"column":70},"end":{"line":50,"column":null}},"line":21},"3":{"name":"(anonymous_3)","decl":{"start":{"line":25,"column":25},"end":{"line":25,"column":26}},"loc":{"start":{"line":25,"column":32},"end":{"line":25,"column":52}},"line":25},"4":{"name":"(anonymous_4)","decl":{"start":{"line":26,"column":9},"end":{"line":26,"column":10}},"loc":{"start":{"line":26,"column":19},"end":{"line":26,"column":37}},"line":26},"5":{"name":"safeAvgRetention","decl":{"start":{"line":56,"column":16},"end":{"line":56,"column":33}},"loc":{"start":{"line":56,"column":71},"end":{"line":64,"column":null}},"line":56},"6":{"name":"(anonymous_6)","decl":{"start":{"line":58,"column":28},"end":{"line":58,"column":29}},"loc":{"start":{"line":59,"column":4},"end":{"line":61,"column":null}},"line":59},"7":{"name":"(anonymous_7)","decl":{"start":{"line":60,"column":32},"end":{"line":60,"column":33}},"loc":{"start":{"line":60,"column":42},"end":{"line":60,"column":49}},"line":60},"8":{"name":"(anonymous_8)","decl":{"start":{"line":63,"column":21},"end":{"line":63,"column":22}},"loc":{"start":{"line":63,"column":31},"end":{"line":63,"column":38}},"line":63}},"branchMap":{"0":{"loc":{"start":{"line":7,"column":15},"end":{"line":7,"column":null}},"type":"cond-expr","locations":[{"start":{"line":7,"column":27},"end":{"line":7,"column":31}},{"start":{"line":7,"column":31},"end":{"line":7,"column":null}}],"line":7},"1":{"loc":{"start":{"line":17,"column":2},"end":{"line":17,"column":null}},"type":"if","locations":[{"start":{"line":17,"column":2},"end":{"line":17,"column":null}},{"start":{},"end":{}}],"line":17},"2":{"loc":{"start":{"line":18,"column":9},"end":{"line":18,"column":null}},"type":"cond-expr","locations":[{"start":{"line":18,"column":19},"end":{"line":18,"column":37}},{"start":{"line":18,"column":37},"end":{"line":18,"column":null}}],"line":18},"3":{"loc":{"start":{"line":22,"column":2},"end":{"line":22,"column":null}},"type":"if","locations":[{"start":{"line":22,"column":2},"end":{"line":22,"column":null}},{"start":{},"end":{}}],"line":22},"4":{"loc":{"start":{"line":30,"column":2},"end":{"line":35,"column":null}},"type":"if","locations":[{"start":{"line":30,"column":2},"end":{"line":35,"column":null}},{"start":{},"end":{}}],"line":30},"5":{"loc":{"start":{"line":34,"column":4},"end":{"line":34,"column":null}},"type":"if","locations":[{"start":{"line":34,"column":4},"end":{"line":34,"column":null}},{"start":{},"end":{}}],"line":34},"6":{"loc":{"start":{"line":42,"column":4},"end":{"line":46,"column":null}},"type":"if","locations":[{"start":{"line":42,"column":4},"end":{"line":46,"column":null}},{"start":{"line":44,"column":11},"end":{"line":46,"column":null}}],"line":42},"7":{"loc":{"start":{"line":57,"column":2},"end":{"line":57,"column":null}},"type":"if","locations":[{"start":{"line":57,"column":2},"end":{"line":57,"column":null}},{"start":{},"end":{}}],"line":57},"8":{"loc":{"start":{"line":59,"column":4},"end":{"line":61,"column":null}},"type":"cond-expr","locations":[{"start":{"line":60,"column":8},"end":{"line":60,"column":null}},{"start":{"line":61,"column":8},"end":{"line":61,"column":null}}],"line":59}},"s":{"0":5,"1":5,"2":5,"3":5,"4":5,"5":5,"6":3,"7":3,"8":3,"9":1,"10":2,"11":23,"12":1,"13":22,"14":51,"15":19,"16":22,"17":22,"18":2,"19":2,"20":1,"21":21,"22":21,"23":21,"24":19,"25":19,"26":19,"27":19,"28":18,"29":1,"30":21,"31":5,"32":1,"33":4,"34":7,"35":6,"36":4,"37":7},"f":{"0":5,"1":3,"2":23,"3":51,"4":19,"5":5,"6":7,"7":6,"8":7},"b":{"0":[1,4],"1":[1,2],"2":[1,1],"3":[1,22],"4":[2,20],"5":[1,1],"6":[18,1],"7":[1,4],"8":[4,3]},"meta":{"lastBranch":9,"lastFunction":9,"lastStatement":38,"seen":{"f:4:16:4:28":0,"s:5:12:5:Infinity":0,"s:6:14:6:Infinity":1,"s:7:15:7:Infinity":2,"b:7:27:7:31:7:31:7:Infinity":0,"s:8:2:8:Infinity":3,"s:9:2:9:Infinity":4,"s:10:2:10:Infinity":5,"f:14:16:14:30":1,"s:15:12:15:Infinity":6,"s:16:14:16:Infinity":7,"b:17:2:17:Infinity:undefined:undefined:undefined:undefined":1,"s:17:2:17:Infinity":8,"s:17:15:17:Infinity":9,"s:18:2:18:Infinity":10,"b:18:19:18:37:18:37:18:Infinity":2,"f:21:16:21:32":2,"b:22:2:22:Infinity:undefined:undefined:undefined:undefined":3,"s:22:2:22:Infinity":11,"s:22:29:22:Infinity":12,"s:24:16:26:Infinity":13,"f:25:25:25:26":3,"s:25:32:25:52":14,"f:26:9:26:10":4,"s:26:19:26:37":15,"s:28:8:28:Infinity":16,"b:30:2:35:Infinity:undefined:undefined:undefined:undefined":4,"s:30:2:35:Infinity":17,"s:31:22:33:Infinity":18,"b:34:4:34:Infinity:undefined:undefined:undefined:undefined":5,"s:34:4:34:Infinity":19,"s:34:32:34:Infinity":20,"s:37:15:37:Infinity":21,"s:38:2:47:Infinity":22,"s:38:15:38:18":23,"s:39:17:39:Infinity":24,"s:40:17:40:Infinity":25,"s:41:10:41:Infinity":26,"b:42:4:46:Infinity:44:11:46:Infinity":6,"s:42:4:46:Infinity":27,"s:43:6:43:Infinity":28,"s:45:6:45:Infinity":29,"s:49:2:49:Infinity":30,"f:56:16:56:33":5,"b:57:2:57:Infinity:undefined:undefined:undefined:undefined":7,"s:57:2:57:Infinity":31,"s:57:29:57:Infinity":32,"s:58:15:62:Infinity":33,"f:58:28:58:29":6,"s:59:4:61:Infinity":34,"b:60:8:60:Infinity:61:8:61:Infinity":8,"f:60:32:60:33":7,"s:60:42:60:49":35,"s:63:2:63:Infinity":36,"f:63:21:63:22":8,"s:63:31:63:38":37}}}
,"/Users/tomaszkuczera/Documents/Playground/wimhof-method-app/lib/milestones.ts": {"path":"/Users/tomaszkuczera/Documents/Playground/wimhof-method-app/lib/milestones.ts","statementMap":{"0":{"start":{"line":36,"column":2},"end":{"line":79,"column":null}},"1":{"start":{"line":83,"column":41},"end":{"line":83,"column":null}},"2":{"start":{"line":86,"column":2},"end":{"line":86,"column":null}},"3":{"start":{"line":86,"column":22},"end":{"line":86,"column":null}},"4":{"start":{"line":87,"column":13},"end":{"line":87,"column":null}},"5":{"start":{"line":88,"column":2},"end":{"line":88,"column":null}},"6":{"start":{"line":89,"column":2},"end":{"line":89,"column":null}},"7":{"start":{"line":93,"column":2},"end":{"line":93,"column":null}},"8":{"start":{"line":99,"column":21},"end":{"line":99,"column":null}},"9":{"start":{"line":100,"column":2},"end":{"line":100,"column":null}},"10":{"start":{"line":100,"column":32},"end":{"line":100,"column":47}},"11":{"start":{"line":103,"column":30},"end":{"line":103,"column":null}},"12":{"start":{"line":109,"column":2},"end":{"line":112,"column":null}},"13":{"start":{"line":110,"column":20},"end":{"line":110,"column":null}},"14":{"start":{"line":111,"column":4},"end":{"line":111,"column":null}},"15":{"start":{"line":111,"column":17},"end":{"line":111,"column":null}},"16":{"start":{"line":114,"column":31},"end":{"line":119,"column":null}},"17":{"start":{"line":121,"column":13},"end":{"line":121,"column":null}},"18":{"start":{"line":122,"column":2},"end":{"line":122,"column":null}},"19":{"start":{"line":123,"column":2},"end":{"line":125,"column":null}},"20":{"start":{"line":127,"column":2},"end":{"line":127,"column":null}},"21":{"start":{"line":133,"column":39},"end":{"line":133,"column":null}},"22":{"start":{"line":134,"column":35},"end":{"line":134,"column":null}},"23":{"start":{"line":137,"column":2},"end":{"line":137,"column":null}},"24":{"start":{"line":138,"column":2},"end":{"line":140,"column":null}},"25":{"start":{"line":139,"column":4},"end":{"line":139,"column":null}},"26":{"start":{"line":139,"column":40},"end":{"line":139,"column":54}},"27":{"start":{"line":144,"column":2},"end":{"line":144,"column":null}},"28":{"start":{"line":144,"column":38},"end":{"line":144,"column":null}},"29":{"start":{"line":145,"column":2},"end":{"line":145,"column":null}},"30":{"start":{"line":149,"column":2},"end":{"line":151,"column":null}},"31":{"start":{"line":150,"column":4},"end":{"line":150,"column":null}},"32":{"start":{"line":157,"column":37},"end":{"line":157,"column":null}},"33":{"start":{"line":160,"column":23},"end":{"line":160,"column":null}},"34":{"start":{"line":161,"column":2},"end":{"line":166,"column":null}},"35":{"start":{"line":162,"column":14},"end":{"line":164,"column":null}},"36":{"start":{"line":165,"column":4},"end":{"line":165,"column":null}},"37":{"start":{"line":165,"column":11},"end":{"line":165,"column":null}},"38":{"start":{"line":169,"column":8},"end":{"line":169,"column":null}},"39":{"start":{"line":171,"column":27},"end":{"line":171,"column":null}},"40":{"start":{"line":171,"column":53},"end":{"line":171,"column":72}},"41":{"start":{"line":172,"column":23},"end":{"line":175,"column":null}},"42":{"start":{"line":173,"column":23},"end":{"line":173,"column":null}},"43":{"start":{"line":174,"column":4},"end":{"line":174,"column":null}},"44":{"start":{"line":177,"column":2},"end":{"line":183,"column":null}},"45":{"start":{"line":178,"column":14},"end":{"line":181,"column":null}},"46":{"start":{"line":182,"column":4},"end":{"line":182,"column":null}},"47":{"start":{"line":182,"column":11},"end":{"line":182,"column":null}},"48":{"start":{"line":186,"column":2},"end":{"line":186,"column":null}},"49":{"start":{"line":188,"column":2},"end":{"line":191,"column":null}},"50":{"start":{"line":189,"column":4},"end":{"line":189,"column":null}},"51":{"start":{"line":190,"column":4},"end":{"line":190,"column":null}},"52":{"start":{"line":195,"column":37},"end":{"line":195,"column":null}},"53":{"start":{"line":198,"column":2},"end":{"line":203,"column":null}},"54":{"start":{"line":199,"column":14},"end":{"line":201,"column":null}},"55":{"start":{"line":202,"column":4},"end":{"line":202,"column":null}},"56":{"start":{"line":202,"column":11},"end":{"line":202,"column":null}},"57":{"start":{"line":206,"column":2},"end":{"line":206,"column":null}},"58":{"start":{"line":208,"column":2},"end":{"line":211,"column":null}},"59":{"start":{"line":209,"column":4},"end":{"line":209,"column":null}},"60":{"start":{"line":210,"column":4},"end":{"line":210,"column":null}},"61":{"start":{"line":215,"column":12},"end":{"line":215,"column":null}},"62":{"start":{"line":216,"column":2},"end":{"line":219,"column":null}},"63":{"start":{"line":217,"column":4},"end":{"line":217,"column":null}},"64":{"start":{"line":218,"column":4},"end":{"line":218,"column":null}},"65":{"start":{"line":225,"column":8},"end":{"line":225,"column":null}},"66":{"start":{"line":226,"column":8},"end":{"line":226,"column":null}},"67":{"start":{"line":229,"column":19},"end":{"line":232,"column":null}},"68":{"start":{"line":230,"column":37},"end":{"line":230,"column":54}},"69":{"start":{"line":231,"column":32},"end":{"line":231,"column":49}},"70":{"start":{"line":234,"column":8},"end":{"line":234,"column":null}},"71":{"start":{"line":236,"column":2},"end":{"line":239,"column":null}},"72":{"start":{"line":237,"column":14},"end":{"line":237,"column":null}},"73":{"start":{"line":238,"column":4},"end":{"line":238,"column":null}},"74":{"start":{"line":238,"column":11},"end":{"line":238,"column":null}},"75":{"start":{"line":240,"column":2},"end":{"line":243,"column":null}},"76":{"start":{"line":241,"column":14},"end":{"line":241,"column":null}},"77":{"start":{"line":242,"column":4},"end":{"line":242,"column":null}},"78":{"start":{"line":242,"column":11},"end":{"line":242,"column":null}},"79":{"start":{"line":244,"column":2},"end":{"line":247,"column":null}},"80":{"start":{"line":245,"column":14},"end":{"line":245,"column":null}},"81":{"start":{"line":246,"column":4},"end":{"line":246,"column":null}},"82":{"start":{"line":246,"column":11},"end":{"line":246,"column":null}}},"fnMap":{"0":{"name":"ensureCache","decl":{"start":{"line":85,"column":15},"end":{"line":85,"column":51}},"loc":{"start":{"line":85,"column":51},"end":{"line":90,"column":null}},"line":85},"1":{"name":"getUnlockedMilestones","decl":{"start":{"line":92,"column":22},"end":{"line":92,"column":68}},"loc":{"start":{"line":92,"column":68},"end":{"line":94,"column":null}},"line":92},"2":{"name":"isMilestoneUnlocked","decl":{"start":{"line":96,"column":22},"end":{"line":96,"column":null}},"loc":{"start":{"line":98,"column":20},"end":{"line":101,"column":null}},"line":98},"3":{"name":"(anonymous_3)","decl":{"start":{"line":100,"column":25},"end":{"line":100,"column":26}},"loc":{"start":{"line":100,"column":32},"end":{"line":100,"column":47}},"line":100},"4":{"name":"unlockMilestone","decl":{"start":{"line":105,"column":15},"end":{"line":105,"column":null}},"loc":{"start":{"line":108,"column":29},"end":{"line":128,"column":null}},"line":108},"5":{"name":"subscribeMilestones","decl":{"start":{"line":136,"column":16},"end":{"line":136,"column":36}},"loc":{"start":{"line":136,"column":70},"end":{"line":141,"column":null}},"line":136},"6":{"name":"(anonymous_6)","decl":{"start":{"line":138,"column":9},"end":{"line":138,"column":15}},"loc":{"start":{"line":138,"column":15},"end":{"line":140,"column":null}},"line":138},"7":{"name":"(anonymous_7)","decl":{"start":{"line":139,"column":33},"end":{"line":139,"column":34}},"loc":{"start":{"line":139,"column":40},"end":{"line":139,"column":54}},"line":139},"8":{"name":"consumePendingMilestone","decl":{"start":{"line":143,"column":16},"end":{"line":143,"column":60}},"loc":{"start":{"line":143,"column":60},"end":{"line":146,"column":null}},"line":143},"9":{"name":"notifyListeners","decl":{"start":{"line":148,"column":9},"end":{"line":148,"column":27}},"loc":{"start":{"line":148,"column":27},"end":{"line":152,"column":null}},"line":148},"10":{"name":"checkBreathingMilestones","decl":{"start":{"line":154,"column":22},"end":{"line":154,"column":null}},"loc":{"start":{"line":156,"column":17},"end":{"line":192,"column":null}},"line":156},"11":{"name":"(anonymous_11)","decl":{"start":{"line":171,"column":46},"end":{"line":171,"column":47}},"loc":{"start":{"line":171,"column":53},"end":{"line":171,"column":72}},"line":171},"12":{"name":"(anonymous_12)","decl":{"start":{"line":172,"column":47},"end":{"line":172,"column":48}},"loc":{"start":{"line":172,"column":60},"end":{"line":175,"column":5}},"line":172},"13":{"name":"checkColdMilestones","decl":{"start":{"line":194,"column":22},"end":{"line":194,"column":42}},"loc":{"start":{"line":194,"column":79},"end":{"line":212,"column":null}},"line":194},"14":{"name":"checkProgramMilestone","decl":{"start":{"line":214,"column":22},"end":{"line":214,"column":44}},"loc":{"start":{"line":214,"column":78},"end":{"line":220,"column":null}},"line":214},"15":{"name":"checkStreakMilestones","decl":{"start":{"line":222,"column":15},"end":{"line":222,"column":null}},"loc":{"start":{"line":224,"column":17},"end":{"line":248,"column":null}},"line":224},"16":{"name":"(anonymous_16)","decl":{"start":{"line":230,"column":29},"end":{"line":230,"column":30}},"loc":{"start":{"line":230,"column":37},"end":{"line":230,"column":54}},"line":230},"17":{"name":"(anonymous_17)","decl":{"start":{"line":231,"column":24},"end":{"line":231,"column":25}},"loc":{"start":{"line":231,"column":32},"end":{"line":231,"column":49}},"line":231}},"branchMap":{"0":{"loc":{"start":{"line":86,"column":2},"end":{"line":86,"column":null}},"type":"if","locations":[{"start":{"line":86,"column":2},"end":{"line":86,"column":null}},{"start":{},"end":{}}],"line":86},"1":{"loc":{"start":{"line":109,"column":2},"end":{"line":112,"column":null}},"type":"if","locations":[{"start":{"line":109,"column":2},"end":{"line":112,"column":null}},{"start":{},"end":{}}],"line":109},"2":{"loc":{"start":{"line":111,"column":4},"end":{"line":111,"column":null}},"type":"if","locations":[{"start":{"line":111,"column":4},"end":{"line":111,"column":null}},{"start":{},"end":{}}],"line":111},"3":{"loc":{"start":{"line":123,"column":19},"end":{"line":125,"column":null}},"type":"cond-expr","locations":[{"start":{"line":124,"column":6},"end":{"line":124,"column":null}},{"start":{"line":125,"column":6},"end":{"line":125,"column":null}}],"line":123},"4":{"loc":{"start":{"line":144,"column":2},"end":{"line":144,"column":null}},"type":"if","locations":[{"start":{"line":144,"column":2},"end":{"line":144,"column":null}},{"start":{},"end":{}}],"line":144},"5":{"loc":{"start":{"line":145,"column":9},"end":{"line":145,"column":null}},"type":"binary-expr","locations":[{"start":{"line":145,"column":9},"end":{"line":145,"column":38}},{"start":{"line":145,"column":38},"end":{"line":145,"column":null}}],"line":145},"6":{"loc":{"start":{"line":161,"column":2},"end":{"line":166,"column":null}},"type":"if","locations":[{"start":{"line":161,"column":2},"end":{"line":166,"column":null}},{"start":{},"end":{}}],"line":161},"7":{"loc":{"start":{"line":165,"column":4},"end":{"line":165,"column":null}},"type":"if","locations":[{"start":{"line":165,"column":4},"end":{"line":165,"column":null}},{"start":{},"end":{}}],"line":165},"8":{"loc":{"start":{"line":174,"column":11},"end":{"line":174,"column":null}},"type":"cond-expr","locations":[{"start":{"line":174,"column":31},"end":{"line":174,"column":44}},{"start":{"line":174,"column":44},"end":{"line":174,"column":null}}],"line":174},"9":{"loc":{"start":{"line":177,"column":2},"end":{"line":183,"column":null}},"type":"if","locations":[{"start":{"line":177,"column":2},"end":{"line":183,"column":null}},{"start":{},"end":{}}],"line":177},"10":{"loc":{"start":{"line":177,"column":6},"end":{"line":177,"column":55}},"type":"binary-expr","locations":[{"start":{"line":177,"column":6},"end":{"line":177,"column":37}},{"start":{"line":177,"column":37},"end":{"line":177,"column":55}}],"line":177},"11":{"loc":{"start":{"line":182,"column":4},"end":{"line":182,"column":null}},"type":"if","locations":[{"start":{"line":182,"column":4},"end":{"line":182,"column":null}},{"start":{},"end":{}}],"line":182},"12":{"loc":{"start":{"line":188,"column":2},"end":{"line":191,"column":null}},"type":"if","locations":[{"start":{"line":188,"column":2},"end":{"line":191,"column":null}},{"start":{},"end":{}}],"line":188},"13":{"loc":{"start":{"line":198,"column":2},"end":{"line":203,"column":null}},"type":"if","locations":[{"start":{"line":198,"column":2},"end":{"line":203,"column":null}},{"start":{},"end":{}}],"line":198},"14":{"loc":{"start":{"line":202,"column":4},"end":{"line":202,"column":null}},"type":"if","locations":[{"start":{"line":202,"column":4},"end":{"line":202,"column":null}},{"start":{},"end":{}}],"line":202},"15":{"loc":{"start":{"line":208,"column":2},"end":{"line":211,"column":null}},"type":"if","locations":[{"start":{"line":208,"column":2},"end":{"line":211,"column":null}},{"start":{},"end":{}}],"line":208},"16":{"loc":{"start":{"line":216,"column":2},"end":{"line":219,"column":null}},"type":"if","locations":[{"start":{"line":216,"column":2},"end":{"line":219,"column":null}},{"start":{},"end":{}}],"line":216},"17":{"loc":{"start":{"line":236,"column":2},"end":{"line":239,"column":null}},"type":"if","locations":[{"start":{"line":236,"column":2},"end":{"line":239,"column":null}},{"start":{},"end":{}}],"line":236},"18":{"loc":{"start":{"line":238,"column":4},"end":{"line":238,"column":null}},"type":"if","locations":[{"start":{"line":238,"column":4},"end":{"line":238,"column":null}},{"start":{},"end":{}}],"line":238},"19":{"loc":{"start":{"line":240,"column":2},"end":{"line":243,"column":null}},"type":"if","locations":[{"start":{"line":240,"column":2},"end":{"line":243,"column":null}},{"start":{},"end":{}}],"line":240},"20":{"loc":{"start":{"line":242,"column":4},"end":{"line":242,"column":null}},"type":"if","locations":[{"start":{"line":242,"column":4},"end":{"line":242,"column":null}},{"start":{},"end":{}}],"line":242},"21":{"loc":{"start":{"line":244,"column":2},"end":{"line":247,"column":null}},"type":"if","locations":[{"start":{"line":244,"column":2},"end":{"line":247,"column":null}},{"start":{},"end":{}}],"line":244},"22":{"loc":{"start":{"line":246,"column":4},"end":{"line":246,"column":null}},"type":"if","locations":[{"start":{"line":246,"column":4},"end":{"line":246,"column":null}},{"start":{},"end":{}}],"line":246}},"s":{"0":1,"1":1,"2":10,"3":10,"4":0,"5":0,"6":0,"7":0,"8":10,"9":10,"10":66,"11":1,"12":16,"13":10,"14":10,"15":6,"16":10,"17":10,"18":10,"19":10,"20":16,"21":1,"22":1,"23":3,"24":3,"25":3,"26":3,"27":47,"28":37,"29":10,"30":10,"31":1,"32":12,"33":12,"34":12,"35":3,"36":3,"37":1,"38":12,"39":12,"40":30,"41":12,"42":18,"43":18,"44":12,"45":6,"46":6,"47":6,"48":12,"49":12,"50":8,"51":8,"52":4,"53":4,"54":3,"55":3,"56":1,"57":4,"58":4,"59":1,"60":1,"61":3,"62":3,"63":1,"64":1,"65":16,"66":16,"67":16,"68":30,"69":5,"70":16,"71":16,"72":1,"73":1,"74":1,"75":16,"76":0,"77":0,"78":0,"79":16,"80":0,"81":0,"82":0},"f":{"0":10,"1":0,"2":10,"3":66,"4":16,"5":3,"6":3,"7":3,"8":47,"9":10,"10":12,"11":30,"12":18,"13":4,"14":3,"15":16,"16":30,"17":5},"b":{"0":[10,0],"1":[10,6],"2":[6,4],"3":[9,1],"4":[37,10],"5":[10,0],"6":[3,9],"7":[1,2],"8":[9,9],"9":[6,6],"10":[12,10],"11":[6,0],"12":[8,4],"13":[3,1],"14":[1,2],"15":[1,3],"16":[1,2],"17":[1,15],"18":[1,0],"19":[0,16],"20":[0,0],"21":[0,16],"22":[0,0]},"meta":{"lastBranch":23,"lastFunction":18,"lastStatement":83,"seen":{"s:36:2:79:Infinity":0,"s:83:41:83:Infinity":1,"f:85:15:85:51":0,"b:86:2:86:Infinity:undefined:undefined:undefined:undefined":0,"s:86:2:86:Infinity":2,"s:86:22:86:Infinity":3,"s:87:13:87:Infinity":4,"s:88:2:88:Infinity":5,"s:89:2:89:Infinity":6,"f:92:22:92:68":1,"s:93:2:93:Infinity":7,"f:96:22:96:Infinity":2,"s:99:21:99:Infinity":8,"s:100:2:100:Infinity":9,"f:100:25:100:26":3,"s:100:32:100:47":10,"s:103:30:103:Infinity":11,"f:105:15:105:Infinity":4,"b:109:2:112:Infinity:undefined:undefined:undefined:undefined":1,"s:109:2:112:Infinity":12,"s:110:20:110:Infinity":13,"b:111:4:111:Infinity:undefined:undefined:undefined:undefined":2,"s:111:4:111:Infinity":14,"s:111:17:111:Infinity":15,"s:114:31:119:Infinity":16,"s:121:13:121:Infinity":17,"s:122:2:122:Infinity":18,"s:123:2:125:Infinity":19,"b:124:6:124:Infinity:125:6:125:Infinity":3,"s:127:2:127:Infinity":20,"s:133:39:133:Infinity":21,"s:134:35:134:Infinity":22,"f:136:16:136:36":5,"s:137:2:137:Infinity":23,"s:138:2:140:Infinity":24,"f:138:9:138:15":6,"s:139:4:139:Infinity":25,"f:139:33:139:34":7,"s:139:40:139:54":26,"f:143:16:143:60":8,"b:144:2:144:Infinity:undefined:undefined:undefined:undefined":4,"s:144:2:144:Infinity":27,"s:144:38:144:Infinity":28,"s:145:2:145:Infinity":29,"b:145:9:145:38:145:38:145:Infinity":5,"f:148:9:148:27":9,"s:149:2:151:Infinity":30,"s:150:4:150:Infinity":31,"f:154:22:154:Infinity":10,"s:157:37:157:Infinity":32,"s:160:23:160:Infinity":33,"b:161:2:166:Infinity:undefined:undefined:undefined:undefined":6,"s:161:2:166:Infinity":34,"s:162:14:164:Infinity":35,"b:165:4:165:Infinity:undefined:undefined:undefined:undefined":7,"s:165:4:165:Infinity":36,"s:165:11:165:Infinity":37,"s:169:8:169:Infinity":38,"s:171:27:171:Infinity":39,"f:171:46:171:47":11,"s:171:53:171:72":40,"s:172:23:175:Infinity":41,"f:172:47:172:48":12,"s:173:23:173:Infinity":42,"s:174:4:174:Infinity":43,"b:174:31:174:44:174:44:174:Infinity":8,"b:177:2:183:Infinity:undefined:undefined:undefined:undefined":9,"s:177:2:183:Infinity":44,"b:177:6:177:37:177:37:177:55":10,"s:178:14:181:Infinity":45,"b:182:4:182:Infinity:undefined:undefined:undefined:undefined":11,"s:182:4:182:Infinity":46,"s:182:11:182:Infinity":47,"s:186:2:186:Infinity":48,"b:188:2:191:Infinity:undefined:undefined:undefined:undefined":12,"s:188:2:191:Infinity":49,"s:189:4:189:Infinity":50,"s:190:4:190:Infinity":51,"f:194:22:194:42":13,"s:195:37:195:Infinity":52,"b:198:2:203:Infinity:undefined:undefined:undefined:undefined":13,"s:198:2:203:Infinity":53,"s:199:14:201:Infinity":54,"b:202:4:202:Infinity:undefined:undefined:undefined:undefined":14,"s:202:4:202:Infinity":55,"s:202:11:202:Infinity":56,"s:206:2:206:Infinity":57,"b:208:2:211:Infinity:undefined:undefined:undefined:undefined":15,"s:208:2:211:Infinity":58,"s:209:4:209:Infinity":59,"s:210:4:210:Infinity":60,"f:214:22:214:44":14,"s:215:12:215:Infinity":61,"b:216:2:219:Infinity:undefined:undefined:undefined:undefined":16,"s:216:2:219:Infinity":62,"s:217:4:217:Infinity":63,"s:218:4:218:Infinity":64,"f:222:15:222:Infinity":15,"s:225:8:225:Infinity":65,"s:226:8:226:Infinity":66,"s:229:19:232:Infinity":67,"f:230:29:230:30":16,"s:230:37:230:54":68,"f:231:24:231:25":17,"s:231:32:231:49":69,"s:234:8:234:Infinity":70,"b:236:2:239:Infinity:undefined:undefined:undefined:undefined":17,"s:236:2:239:Infinity":71,"s:237:14:237:Infinity":72,"b:238:4:238:Infinity:undefined:undefined:undefined:undefined":18,"s:238:4:238:Infinity":73,"s:238:11:238:Infinity":74,"b:240:2:243:Infinity:undefined:undefined:undefined:undefined":19,"s:240:2:243:Infinity":75,"s:241:14:241:Infinity":76,"b:242:4:242:Infinity:undefined:undefined:undefined:undefined":20,"s:242:4:242:Infinity":77,"s:242:11:242:Infinity":78,"b:244:2:247:Infinity:undefined:undefined:undefined:undefined":21,"s:244:2:247:Infinity":79,"s:245:14:245:Infinity":80,"b:246:4:246:Infinity:undefined:undefined:undefined:undefined":22,"s:246:4:246:Infinity":81,"s:246:11:246:Infinity":82}}}
,"/Users/tomaszkuczera/Documents/Playground/wimhof-method-app/lib/programStorage.ts": {"path":"/Users/tomaszkuczera/Documents/Playground/wimhof-method-app/lib/programStorage.ts","statementMap":{"0":{"start":{"line":8,"column":64},"end":{"line":8,"column":null}},"1":{"start":{"line":13,"column":2},"end":{"line":13,"column":null}},"2":{"start":{"line":13,"column":28},"end":{"line":13,"column":null}},"3":{"start":{"line":14,"column":13},"end":{"line":14,"column":null}},"4":{"start":{"line":15,"column":14},"end":{"line":15,"column":null}},"5":{"start":{"line":16,"column":2},"end":{"line":18,"column":null}},"6":{"start":{"line":17,"column":19},"end":{"line":17,"column":54}},"7":{"start":{"line":19,"column":2},"end":{"line":19,"column":null}},"8":{"start":{"line":25,"column":16},"end":{"line":25,"column":null}},"9":{"start":{"line":26,"column":2},"end":{"line":26,"column":null}},"10":{"start":{"line":30,"column":16},"end":{"line":30,"column":null}},"11":{"start":{"line":31,"column":2},"end":{"line":31,"column":null}},"12":{"start":{"line":37,"column":16},"end":{"line":37,"column":null}},"13":{"start":{"line":38,"column":2},"end":{"line":38,"column":null}},"14":{"start":{"line":39,"column":13},"end":{"line":39,"column":null}},"15":{"start":{"line":40,"column":2},"end":{"line":40,"column":null}},"16":{"start":{"line":44,"column":16},"end":{"line":44,"column":null}},"17":{"start":{"line":45,"column":2},"end":{"line":45,"column":null}},"18":{"start":{"line":46,"column":13},"end":{"line":46,"column":null}},"19":{"start":{"line":47,"column":2},"end":{"line":47,"column":null}}},"fnMap":{"0":{"name":"ensureProgramProgressCache","decl":{"start":{"line":10,"column":15},"end":{"line":10,"column":null}},"loc":{"start":{"line":12,"column":2},"end":{"line":20,"column":null}},"line":12},"1":{"name":"(anonymous_1)","decl":{"start":{"line":17,"column":12},"end":{"line":17,"column":13}},"loc":{"start":{"line":17,"column":19},"end":{"line":17,"column":54}},"line":17},"2":{"name":"getProgramProgress","decl":{"start":{"line":22,"column":22},"end":{"line":22,"column":null}},"loc":{"start":{"line":24,"column":40},"end":{"line":27,"column":null}},"line":24},"3":{"name":"getAllProgramProgress","decl":{"start":{"line":29,"column":22},"end":{"line":29,"column":74}},"loc":{"start":{"line":29,"column":74},"end":{"line":32,"column":null}},"line":29},"4":{"name":"saveProgramProgress","decl":{"start":{"line":34,"column":22},"end":{"line":34,"column":null}},"loc":{"start":{"line":36,"column":17},"end":{"line":41,"column":null}},"line":36},"5":{"name":"deleteProgramProgress","decl":{"start":{"line":43,"column":22},"end":{"line":43,"column":44}},"loc":{"start":{"line":43,"column":78},"end":{"line":48,"column":null}},"line":43}},"branchMap":{"0":{"loc":{"start":{"line":13,"column":2},"end":{"line":13,"column":null}},"type":"if","locations":[{"start":{"line":13,"column":2},"end":{"line":13,"column":null}},{"start":{},"end":{}}],"line":13}},"s":{"0":1,"1":0,"2":0,"3":0,"4":0,"5":0,"6":0,"7":0,"8":0,"9":0,"10":0,"11":0,"12":0,"13":0,"14":0,"15":0,"16":0,"17":0,"18":0,"19":0},"f":{"0":0,"1":0,"2":0,"3":0,"4":0,"5":0},"b":{"0":[0,0]},"meta":{"lastBranch":1,"lastFunction":6,"lastStatement":20,"seen":{"s:8:64:8:Infinity":0,"f:10:15:10:Infinity":0,"b:13:2:13:Infinity:undefined:undefined:undefined:undefined":0,"s:13:2:13:Infinity":1,"s:13:28:13:Infinity":2,"s:14:13:14:Infinity":3,"s:15:14:15:Infinity":4,"s:16:2:18:Infinity":5,"f:17:12:17:13":1,"s:17:19:17:54":6,"s:19:2:19:Infinity":7,"f:22:22:22:Infinity":2,"s:25:16:25:Infinity":8,"s:26:2:26:Infinity":9,"f:29:22:29:74":3,"s:30:16:30:Infinity":10,"s:31:2:31:Infinity":11,"f:34:22:34:Infinity":4,"s:37:16:37:Infinity":12,"s:38:2:38:Infinity":13,"s:39:13:39:Infinity":14,"s:40:2:40:Infinity":15,"f:43:22:43:44":5,"s:44:16:44:Infinity":16,"s:45:2:45:Infinity":17,"s:46:13:46:Infinity":18,"s:47:2:47:Infinity":19}}}
,"/Users/tomaszkuczera/Documents/Playground/wimhof-method-app/lib/storage.ts": {"path":"/Users/tomaszkuczera/Documents/Playground/wimhof-method-app/lib/storage.ts","statementMap":{"0":{"start":{"line":78,"column":53},"end":{"line":84,"column":null}},"1":{"start":{"line":93,"column":17},"end":{"line":93,"column":null}},"2":{"start":{"line":96,"column":2},"end":{"line":103,"column":null}},"3":{"start":{"line":97,"column":18},"end":{"line":97,"column":null}},"4":{"start":{"line":99,"column":6},"end":{"line":101,"column":null}},"5":{"start":{"line":102,"column":4},"end":{"line":102,"column":null}},"6":{"start":{"line":102,"column":66},"end":{"line":102,"column":71}},"7":{"start":{"line":106,"column":2},"end":{"line":108,"column":null}},"8":{"start":{"line":107,"column":4},"end":{"line":107,"column":null}},"9":{"start":{"line":111,"column":2},"end":{"line":113,"column":null}},"10":{"start":{"line":112,"column":4},"end":{"line":112,"column":null}},"11":{"start":{"line":115,"column":2},"end":{"line":115,"column":null}},"12":{"start":{"line":127,"column":58},"end":{"line":127,"column":null}},"13":{"start":{"line":129,"column":22},"end":{"line":129,"column":null}},"14":{"start":{"line":130,"column":41},"end":{"line":130,"column":null}},"15":{"start":{"line":131,"column":48},"end":{"line":131,"column":null}},"16":{"start":{"line":132,"column":26},"end":{"line":132,"column":null}},"17":{"start":{"line":135,"column":2},"end":{"line":145,"column":null}},"18":{"start":{"line":136,"column":4},"end":{"line":136,"column":null}},"19":{"start":{"line":137,"column":4},"end":{"line":137,"column":null}},"20":{"start":{"line":138,"column":4},"end":{"line":138,"column":null}},"21":{"start":{"line":139,"column":4},"end":{"line":139,"column":null}},"22":{"start":{"line":140,"column":2},"end":{"line":145,"column":null}},"23":{"start":{"line":141,"column":4},"end":{"line":141,"column":null}},"24":{"start":{"line":142,"column":4},"end":{"line":142,"column":null}},"25":{"start":{"line":143,"column":4},"end":{"line":143,"column":null}},"26":{"start":{"line":144,"column":4},"end":{"line":144,"column":null}},"27":{"start":{"line":148,"column":2},"end":{"line":155,"column":null}},"28":{"start":{"line":149,"column":4},"end":{"line":149,"column":null}},"29":{"start":{"line":150,"column":4},"end":{"line":150,"column":null}},"30":{"start":{"line":151,"column":2},"end":{"line":155,"column":null}},"31":{"start":{"line":152,"column":4},"end":{"line":152,"column":null}},"32":{"start":{"line":153,"column":2},"end":{"line":155,"column":null}},"33":{"start":{"line":154,"column":4},"end":{"line":154,"column":null}},"34":{"start":{"line":158,"column":2},"end":{"line":162,"column":null}},"35":{"start":{"line":159,"column":4},"end":{"line":159,"column":null}},"36":{"start":{"line":160,"column":2},"end":{"line":162,"column":null}},"37":{"start":{"line":161,"column":4},"end":{"line":161,"column":null}},"38":{"start":{"line":164,"column":2},"end":{"line":174,"column":null}},"39":{"start":{"line":179,"column":45},"end":{"line":192,"column":null}},"40":{"start":{"line":200,"column":4},"end":{"line":204,"column":null}},"41":{"start":{"line":206,"column":18},"end":{"line":206,"column":null}},"42":{"start":{"line":207,"column":40},"end":{"line":207,"column":null}},"43":{"start":{"line":211,"column":16},"end":{"line":216,"column":null}},"44":{"start":{"line":221,"column":2},"end":{"line":221,"column":null}},"45":{"start":{"line":221,"column":37},"end":{"line":221,"column":null}},"46":{"start":{"line":223,"column":2},"end":{"line":227,"column":null}},"47":{"start":{"line":224,"column":4},"end":{"line":224,"column":null}},"48":{"start":{"line":224,"column":48},"end":{"line":224,"column":null}},"49":{"start":{"line":226,"column":4},"end":{"line":226,"column":null}},"50":{"start":{"line":229,"column":13},"end":{"line":229,"column":null}},"51":{"start":{"line":231,"column":2},"end":{"line":265,"column":null}},"52":{"start":{"line":233,"column":25},"end":{"line":233,"column":null}},"53":{"start":{"line":234,"column":4},"end":{"line":241,"column":null}},"54":{"start":{"line":235,"column":43},"end":{"line":235,"column":null}},"55":{"start":{"line":236,"column":17},"end":{"line":236,"column":null}},"56":{"start":{"line":237,"column":6},"end":{"line":239,"column":null}},"57":{"start":{"line":238,"column":8},"end":{"line":238,"column":null}},"58":{"start":{"line":240,"column":6},"end":{"line":240,"column":null}},"59":{"start":{"line":244,"column":20},"end":{"line":244,"column":null}},"60":{"start":{"line":245,"column":4},"end":{"line":252,"column":null}},"61":{"start":{"line":246,"column":38},"end":{"line":246,"column":null}},"62":{"start":{"line":247,"column":17},"end":{"line":247,"column":null}},"63":{"start":{"line":248,"column":6},"end":{"line":250,"column":null}},"64":{"start":{"line":249,"column":8},"end":{"line":249,"column":null}},"65":{"start":{"line":251,"column":6},"end":{"line":251,"column":null}},"66":{"start":{"line":255,"column":21},"end":{"line":255,"column":null}},"67":{"start":{"line":256,"column":4},"end":{"line":259,"column":null}},"68":{"start":{"line":257,"column":37},"end":{"line":257,"column":null}},"69":{"start":{"line":258,"column":6},"end":{"line":258,"column":null}},"70":{"start":{"line":262,"column":4},"end":{"line":262,"column":null}},"71":{"start":{"line":270,"column":20},"end":{"line":270,"column":null}},"72":{"start":{"line":271,"column":25},"end":{"line":271,"column":null}},"73":{"start":{"line":274,"column":2},"end":{"line":274,"column":null}},"74":{"start":{"line":274,"column":42},"end":{"line":274,"column":null}},"75":{"start":{"line":275,"column":12},"end":{"line":275,"column":null}},"76":{"start":{"line":276,"column":2},"end":{"line":284,"column":null}},"77":{"start":{"line":289,"column":2},"end":{"line":289,"column":null}},"78":{"start":{"line":289,"column":42},"end":{"line":289,"column":null}},"79":{"start":{"line":290,"column":12},"end":{"line":290,"column":null}},"80":{"start":{"line":291,"column":2},"end":{"line":296,"column":null}},"81":{"start":{"line":303,"column":2},"end":{"line":303,"column":null}},"82":{"start":{"line":303,"column":37},"end":{"line":303,"column":null}},"83":{"start":{"line":305,"column":2},"end":{"line":305,"column":null}},"84":{"start":{"line":307,"column":13},"end":{"line":307,"column":null}},"85":{"start":{"line":309,"column":41},"end":{"line":313,"column":null}},"86":{"start":{"line":315,"column":2},"end":{"line":315,"column":null}},"87":{"start":{"line":316,"column":2},"end":{"line":316,"column":null}},"88":{"start":{"line":317,"column":2},"end":{"line":319,"column":null}},"89":{"start":{"line":321,"column":2},"end":{"line":321,"column":null}},"90":{"start":{"line":326,"column":2},"end":{"line":326,"column":null}},"91":{"start":{"line":326,"column":19},"end":{"line":326,"column":null}},"92":{"start":{"line":327,"column":2},"end":{"line":329,"column":null}},"93":{"start":{"line":328,"column":4},"end":{"line":328,"column":null}},"94":{"start":{"line":330,"column":2},"end":{"line":330,"column":null}},"95":{"start":{"line":335,"column":2},"end":{"line":335,"column":null}},"96":{"start":{"line":341,"column":2},"end":{"line":341,"column":null}},"97":{"start":{"line":345,"column":2},"end":{"line":345,"column":null}},"98":{"start":{"line":347,"column":2},"end":{"line":347,"column":null}},"99":{"start":{"line":347,"column":23},"end":{"line":347,"column":60}},"100":{"start":{"line":353,"column":2},"end":{"line":353,"column":null}},"101":{"start":{"line":357,"column":2},"end":{"line":357,"column":null}},"102":{"start":{"line":358,"column":2},"end":{"line":358,"column":null}},"103":{"start":{"line":358,"column":23},"end":{"line":358,"column":55}},"104":{"start":{"line":364,"column":2},"end":{"line":364,"column":null}},"105":{"start":{"line":368,"column":2},"end":{"line":368,"column":null}},"106":{"start":{"line":369,"column":2},"end":{"line":369,"column":null}},"107":{"start":{"line":369,"column":23},"end":{"line":369,"column":71}},"108":{"start":{"line":385,"column":13},"end":{"line":385,"column":null}},"109":{"start":{"line":386,"column":2},"end":{"line":393,"column":null}},"110":{"start":{"line":394,"column":2},"end":{"line":394,"column":null}},"111":{"start":{"line":395,"column":2},"end":{"line":395,"column":null}},"112":{"start":{"line":396,"column":2},"end":{"line":396,"column":null}},"113":{"start":{"line":403,"column":2},"end":{"line":403,"column":null}},"114":{"start":{"line":403,"column":37},"end":{"line":403,"column":null}},"115":{"start":{"line":405,"column":4},"end":{"line":407,"column":null}},"116":{"start":{"line":408,"column":2},"end":{"line":408,"column":null}},"117":{"start":{"line":409,"column":2},"end":{"line":413,"column":null}},"118":{"start":{"line":410,"column":4},"end":{"line":410,"column":null}},"119":{"start":{"line":419,"column":2},"end":{"line":419,"column":null}}},"fnMap":{"0":{"name":"normalizeSessionConfig","decl":{"start":{"line":90,"column":16},"end":{"line":90,"column":null}},"loc":{"start":{"line":92,"column":17},"end":{"line":116,"column":null}},"line":92},"1":{"name":"(anonymous_1)","decl":{"start":{"line":102,"column":60},"end":{"line":102,"column":66}},"loc":{"start":{"line":102,"column":66},"end":{"line":102,"column":71}},"line":102},"2":{"name":"profileToDefaults","decl":{"start":{"line":121,"column":16},"end":{"line":121,"column":34}},"loc":{"start":{"line":126,"column":29},"end":{"line":175,"column":null}},"line":126},"3":{"name":"migrateFromLocalStorage","decl":{"start":{"line":220,"column":15},"end":{"line":220,"column":56}},"loc":{"start":{"line":220,"column":56},"end":{"line":266,"column":null}},"line":220},"4":{"name":"isValidBreathingSession","decl":{"start":{"line":273,"column":9},"end":{"line":273,"column":33}},"loc":{"start":{"line":273,"column":68},"end":{"line":286,"column":null}},"line":273},"5":{"name":"isValidColdSession","decl":{"start":{"line":288,"column":9},"end":{"line":288,"column":28}},"loc":{"start":{"line":288,"column":58},"end":{"line":298,"column":null}},"line":288},"6":{"name":"loadCache","decl":{"start":{"line":302,"column":15},"end":{"line":302,"column":42}},"loc":{"start":{"line":302,"column":42},"end":{"line":322,"column":null}},"line":302},"7":{"name":"initStorage","decl":{"start":{"line":325,"column":16},"end":{"line":325,"column":45}},"loc":{"start":{"line":325,"column":45},"end":{"line":331,"column":null}},"line":325},"8":{"name":"isStorageReady","decl":{"start":{"line":334,"column":16},"end":{"line":334,"column":42}},"loc":{"start":{"line":334,"column":42},"end":{"line":336,"column":null}},"line":334},"9":{"name":"getBreathingSessions","decl":{"start":{"line":340,"column":16},"end":{"line":340,"column":59}},"loc":{"start":{"line":340,"column":59},"end":{"line":342,"column":null}},"line":340},"10":{"name":"saveBreathingSession","decl":{"start":{"line":344,"column":16},"end":{"line":344,"column":37}},"loc":{"start":{"line":344,"column":70},"end":{"line":348,"column":null}},"line":344},"11":{"name":"(anonymous_11)","decl":{"start":{"line":347,"column":15},"end":{"line":347,"column":16}},"loc":{"start":{"line":347,"column":23},"end":{"line":347,"column":60}},"line":347},"12":{"name":"getColdSessions","decl":{"start":{"line":352,"column":16},"end":{"line":352,"column":49}},"loc":{"start":{"line":352,"column":49},"end":{"line":354,"column":null}},"line":352},"13":{"name":"saveColdSession","decl":{"start":{"line":356,"column":16},"end":{"line":356,"column":32}},"loc":{"start":{"line":356,"column":60},"end":{"line":359,"column":null}},"line":356},"14":{"name":"(anonymous_14)","decl":{"start":{"line":358,"column":15},"end":{"line":358,"column":16}},"loc":{"start":{"line":358,"column":23},"end":{"line":358,"column":55}},"line":358},"15":{"name":"getPreferences","decl":{"start":{"line":363,"column":16},"end":{"line":363,"column":50}},"loc":{"start":{"line":363,"column":50},"end":{"line":365,"column":null}},"line":363},"16":{"name":"savePreferences","decl":{"start":{"line":367,"column":16},"end":{"line":367,"column":32}},"loc":{"start":{"line":367,"column":71},"end":{"line":370,"column":null}},"line":367},"17":{"name":"(anonymous_17)","decl":{"start":{"line":369,"column":15},"end":{"line":369,"column":16}},"loc":{"start":{"line":369,"column":23},"end":{"line":369,"column":71}},"line":369},"18":{"name":"clearAllData","decl":{"start":{"line":384,"column":22},"end":{"line":384,"column":52}},"loc":{"start":{"line":384,"column":52},"end":{"line":397,"column":null}},"line":384},"19":{"name":"applyTheme","decl":{"start":{"line":402,"column":16},"end":{"line":402,"column":27}},"loc":{"start":{"line":402,"column":68},"end":{"line":414,"column":null}},"line":402},"20":{"name":"generateId","decl":{"start":{"line":418,"column":16},"end":{"line":418,"column":37}},"loc":{"start":{"line":418,"column":37},"end":{"line":420,"column":null}},"line":418}},"branchMap":{"0":{"loc":{"start":{"line":96,"column":2},"end":{"line":103,"column":null}},"type":"if","locations":[{"start":{"line":96,"column":2},"end":{"line":103,"column":null}},{"start":{},"end":{}}],"line":96},"1":{"loc":{"start":{"line":99,"column":6},"end":{"line":101,"column":null}},"type":"cond-expr","locations":[{"start":{"line":100,"column":10},"end":{"line":100,"column":null}},{"start":{"line":101,"column":10},"end":{"line":101,"column":null}}],"line":99},"2":{"loc":{"start":{"line":106,"column":2},"end":{"line":108,"column":null}},"type":"if","locations":[{"start":{"line":106,"column":2},"end":{"line":108,"column":null}},{"start":{},"end":{}}],"line":106},"3":{"loc":{"start":{"line":106,"column":6},"end":{"line":106,"column":76}},"type":"binary-expr","locations":[{"start":{"line":106,"column":6},"end":{"line":106,"column":41}},{"start":{"line":106,"column":41},"end":{"line":106,"column":76}}],"line":106},"4":{"loc":{"start":{"line":111,"column":2},"end":{"line":113,"column":null}},"type":"if","locations":[{"start":{"line":111,"column":2},"end":{"line":113,"column":null}},{"start":{},"end":{}}],"line":111},"5":{"loc":{"start":{"line":135,"column":2},"end":{"line":145,"column":null}},"type":"if","locations":[{"start":{"line":135,"column":2},"end":{"line":145,"column":null}},{"start":{"line":140,"column":2},"end":{"line":145,"column":null}}],"line":135},"6":{"loc":{"start":{"line":140,"column":2},"end":{"line":145,"column":null}},"type":"if","locations":[{"start":{"line":140,"column":2},"end":{"line":145,"column":null}},{"start":{},"end":{}}],"line":140},"7":{"loc":{"start":{"line":148,"column":2},"end":{"line":155,"column":null}},"type":"if","locations":[{"start":{"line":148,"column":2},"end":{"line":155,"column":null}},{"start":{"line":151,"column":2},"end":{"line":155,"column":null}}],"line":148},"8":{"loc":{"start":{"line":151,"column":2},"end":{"line":155,"column":null}},"type":"if","locations":[{"start":{"line":151,"column":2},"end":{"line":155,"column":null}},{"start":{"line":153,"column":2},"end":{"line":155,"column":null}}],"line":151},"9":{"loc":{"start":{"line":153,"column":2},"end":{"line":155,"column":null}},"type":"if","locations":[{"start":{"line":153,"column":2},"end":{"line":155,"column":null}},{"start":{},"end":{}}],"line":153},"10":{"loc":{"start":{"line":158,"column":2},"end":{"line":162,"column":null}},"type":"if","locations":[{"start":{"line":158,"column":2},"end":{"line":162,"column":null}},{"start":{"line":160,"column":2},"end":{"line":162,"column":null}}],"line":158},"11":{"loc":{"start":{"line":160,"column":2},"end":{"line":162,"column":null}},"type":"if","locations":[{"start":{"line":160,"column":2},"end":{"line":162,"column":null}},{"start":{},"end":{}}],"line":160},"12":{"loc":{"start":{"line":221,"column":2},"end":{"line":221,"column":null}},"type":"if","locations":[{"start":{"line":221,"column":2},"end":{"line":221,"column":null}},{"start":{},"end":{}}],"line":221},"13":{"loc":{"start":{"line":224,"column":4},"end":{"line":224,"column":null}},"type":"if","locations":[{"start":{"line":224,"column":4},"end":{"line":224,"column":null}},{"start":{},"end":{}}],"line":224},"14":{"loc":{"start":{"line":234,"column":4},"end":{"line":241,"column":null}},"type":"if","locations":[{"start":{"line":234,"column":4},"end":{"line":241,"column":null}},{"start":{},"end":{}}],"line":234},"15":{"loc":{"start":{"line":245,"column":4},"end":{"line":252,"column":null}},"type":"if","locations":[{"start":{"line":245,"column":4},"end":{"line":252,"column":null}},{"start":{},"end":{}}],"line":245},"16":{"loc":{"start":{"line":256,"column":4},"end":{"line":259,"column":null}},"type":"if","locations":[{"start":{"line":256,"column":4},"end":{"line":259,"column":null}},{"start":{},"end":{}}],"line":256},"17":{"loc":{"start":{"line":274,"column":2},"end":{"line":274,"column":null}},"type":"if","locations":[{"start":{"line":274,"column":2},"end":{"line":274,"column":null}},{"start":{},"end":{}}],"line":274},"18":{"loc":{"start":{"line":274,"column":6},"end":{"line":274,"column":42}},"type":"binary-expr","locations":[{"start":{"line":274,"column":6},"end":{"line":274,"column":19}},{"start":{"line":274,"column":19},"end":{"line":274,"column":42}}],"line":274},"19":{"loc":{"start":{"line":277,"column":4},"end":{"line":284,"column":null}},"type":"binary-expr","locations":[{"start":{"line":277,"column":4},"end":{"line":277,"column":null}},{"start":{"line":278,"column":4},"end":{"line":278,"column":null}},{"start":{"line":279,"column":4},"end":{"line":279,"column":null}},{"start":{"line":280,"column":4},"end":{"line":280,"column":null}},{"start":{"line":281,"column":4},"end":{"line":281,"column":null}},{"start":{"line":282,"column":4},"end":{"line":282,"column":null}},{"start":{"line":283,"column":4},"end":{"line":283,"column":null}},{"start":{"line":284,"column":4},"end":{"line":284,"column":null}}],"line":277},"20":{"loc":{"start":{"line":289,"column":2},"end":{"line":289,"column":null}},"type":"if","locations":[{"start":{"line":289,"column":2},"end":{"line":289,"column":null}},{"start":{},"end":{}}],"line":289},"21":{"loc":{"start":{"line":289,"column":6},"end":{"line":289,"column":42}},"type":"binary-expr","locations":[{"start":{"line":289,"column":6},"end":{"line":289,"column":19}},{"start":{"line":289,"column":19},"end":{"line":289,"column":42}}],"line":289},"22":{"loc":{"start":{"line":292,"column":4},"end":{"line":296,"column":null}},"type":"binary-expr","locations":[{"start":{"line":292,"column":4},"end":{"line":292,"column":null}},{"start":{"line":293,"column":4},"end":{"line":293,"column":null}},{"start":{"line":294,"column":4},"end":{"line":294,"column":null}},{"start":{"line":295,"column":4},"end":{"line":295,"column":null}},{"start":{"line":296,"column":4},"end":{"line":296,"column":null}}],"line":292},"23":{"loc":{"start":{"line":303,"column":2},"end":{"line":303,"column":null}},"type":"if","locations":[{"start":{"line":303,"column":2},"end":{"line":303,"column":null}},{"start":{},"end":{}}],"line":303},"24":{"loc":{"start":{"line":317,"column":22},"end":{"line":319,"column":null}},"type":"cond-expr","locations":[{"start":{"line":318,"column":6},"end":{"line":318,"column":null}},{"start":{"line":319,"column":6},"end":{"line":319,"column":null}}],"line":317},"25":{"loc":{"start":{"line":326,"column":2},"end":{"line":326,"column":null}},"type":"if","locations":[{"start":{"line":326,"column":2},"end":{"line":326,"column":null}},{"start":{},"end":{}}],"line":326},"26":{"loc":{"start":{"line":327,"column":2},"end":{"line":329,"column":null}},"type":"if","locations":[{"start":{"line":327,"column":2},"end":{"line":329,"column":null}},{"start":{},"end":{}}],"line":327},"27":{"loc":{"start":{"line":403,"column":2},"end":{"line":403,"column":null}},"type":"if","locations":[{"start":{"line":403,"column":2},"end":{"line":403,"column":null}},{"start":{},"end":{}}],"line":403},"28":{"loc":{"start":{"line":405,"column":4},"end":{"line":407,"column":null}},"type":"binary-expr","locations":[{"start":{"line":405,"column":4},"end":{"line":405,"column":null}},{"start":{"line":406,"column":5},"end":{"line":406,"column":null}},{"start":{"line":407,"column":6},"end":{"line":407,"column":null}}],"line":405}},"s":{"0":1,"1":0,"2":0,"3":0,"4":0,"5":0,"6":0,"7":0,"8":0,"9":0,"10":0,"11":0,"12":0,"13":0,"14":0,"15":0,"16":0,"17":0,"18":0,"19":0,"20":0,"21":0,"22":0,"23":0,"24":0,"25":0,"26":0,"27":0,"28":0,"29":0,"30":0,"31":0,"32":0,"33":0,"34":0,"35":0,"36":0,"37":0,"38":0,"39":1,"40":1,"41":1,"42":1,"43":1,"44":0,"45":0,"46":0,"47":0,"48":0,"49":0,"50":0,"51":0,"52":0,"53":0,"54":0,"55":0,"56":0,"57":0,"58":0,"59":0,"60":0,"61":0,"62":0,"63":0,"64":0,"65":0,"66":0,"67":0,"68":0,"69":0,"70":0,"71":1,"72":1,"73":0,"74":0,"75":0,"76":0,"77":0,"78":0,"79":0,"80":0,"81":0,"82":0,"83":0,"84":0,"85":0,"86":0,"87":0,"88":0,"89":0,"90":0,"91":0,"92":0,"93":0,"94":0,"95":0,"96":0,"97":0,"98":0,"99":0,"100":0,"101":0,"102":0,"103":0,"104":0,"105":0,"106":0,"107":0,"108":0,"109":0,"110":0,"111":0,"112":0,"113":0,"114":0,"115":0,"116":0,"117":0,"118":0,"119":0},"f":{"0":0,"1":0,"2":0,"3":0,"4":0,"5":0,"6":0,"7":0,"8":0,"9":0,"10":0,"11":0,"12":0,"13":0,"14":0,"15":0,"16":0,"17":0,"18":0,"19":0,"20":0},"b":{"0":[0,0],"1":[0,0],"2":[0,0],"3":[0,0],"4":[0,0],"5":[0,0],"6":[0,0],"7":[0,0],"8":[0,0],"9":[0,0],"10":[0,0],"11":[0,0],"12":[0,0],"13":[0,0],"14":[0,0],"15":[0,0],"16":[0,0],"17":[0,0],"18":[0,0],"19":[0,0,0,0,0,0,0,0],"20":[0,0],"21":[0,0],"22":[0,0,0,0,0],"23":[0,0],"24":[0,0],"25":[0,0],"26":[0,0],"27":[0,0],"28":[0,0,0]},"meta":{"lastBranch":29,"lastFunction":21,"lastStatement":120,"seen":{"s:78:53:84:Infinity":0,"f:90:16:90:Infinity":0,"s:93:17:93:Infinity":1,"b:96:2:103:Infinity:undefined:undefined:undefined:undefined":0,"s:96:2:103:Infinity":2,"s:97:18:97:Infinity":3,"s:99:6:101:Infinity":4,"b:100:10:100:Infinity:101:10:101:Infinity":1,"s:102:4:102:Infinity":5,"f:102:60:102:66":1,"s:102:66:102:71":6,"b:106:2:108:Infinity:undefined:undefined:undefined:undefined":2,"s:106:2:108:Infinity":7,"b:106:6:106:41:106:41:106:76":3,"s:107:4:107:Infinity":8,"b:111:2:113:Infinity:undefined:undefined:undefined:undefined":4,"s:111:2:113:Infinity":9,"s:112:4:112:Infinity":10,"s:115:2:115:Infinity":11,"f:121:16:121:34":2,"s:127:58:127:Infinity":12,"s:129:22:129:Infinity":13,"s:130:41:130:Infinity":14,"s:131:48:131:Infinity":15,"s:132:26:132:Infinity":16,"b:135:2:145:Infinity:140:2:145:Infinity":5,"s:135:2:145:Infinity":17,"s:136:4:136:Infinity":18,"s:137:4:137:Infinity":19,"s:138:4:138:Infinity":20,"s:139:4:139:Infinity":21,"b:140:2:145:Infinity:undefined:undefined:undefined:undefined":6,"s:140:2:145:Infinity":22,"s:141:4:141:Infinity":23,"s:142:4:142:Infinity":24,"s:143:4:143:Infinity":25,"s:144:4:144:Infinity":26,"b:148:2:155:Infinity:151:2:155:Infinity":7,"s:148:2:155:Infinity":27,"s:149:4:149:Infinity":28,"s:150:4:150:Infinity":29,"b:151:2:155:Infinity:153:2:155:Infinity":8,"s:151:2:155:Infinity":30,"s:152:4:152:Infinity":31,"b:153:2:155:Infinity:undefined:undefined:undefined:undefined":9,"s:153:2:155:Infinity":32,"s:154:4:154:Infinity":33,"b:158:2:162:Infinity:160:2:162:Infinity":10,"s:158:2:162:Infinity":34,"s:159:4:159:Infinity":35,"b:160:2:162:Infinity:undefined:undefined:undefined:undefined":11,"s:160:2:162:Infinity":36,"s:161:4:161:Infinity":37,"s:164:2:174:Infinity":38,"s:179:45:192:Infinity":39,"s:200:4:204:Infinity":40,"s:206:18:206:Infinity":41,"s:207:40:207:Infinity":42,"s:211:16:216:Infinity":43,"f:220:15:220:56":3,"b:221:2:221:Infinity:undefined:undefined:undefined:undefined":12,"s:221:2:221:Infinity":44,"s:221:37:221:Infinity":45,"s:223:2:227:Infinity":46,"b:224:4:224:Infinity:undefined:undefined:undefined:undefined":13,"s:224:4:224:Infinity":47,"s:224:48:224:Infinity":48,"s:226:4:226:Infinity":49,"s:229:13:229:Infinity":50,"s:231:2:265:Infinity":51,"s:233:25:233:Infinity":52,"b:234:4:241:Infinity:undefined:undefined:undefined:undefined":14,"s:234:4:241:Infinity":53,"s:235:43:235:Infinity":54,"s:236:17:236:Infinity":55,"s:237:6:239:Infinity":56,"s:238:8:238:Infinity":57,"s:240:6:240:Infinity":58,"s:244:20:244:Infinity":59,"b:245:4:252:Infinity:undefined:undefined:undefined:undefined":15,"s:245:4:252:Infinity":60,"s:246:38:246:Infinity":61,"s:247:17:247:Infinity":62,"s:248:6:250:Infinity":63,"s:249:8:249:Infinity":64,"s:251:6:251:Infinity":65,"s:255:21:255:Infinity":66,"b:256:4:259:Infinity:undefined:undefined:undefined:undefined":16,"s:256:4:259:Infinity":67,"s:257:37:257:Infinity":68,"s:258:6:258:Infinity":69,"s:262:4:262:Infinity":70,"s:270:20:270:Infinity":71,"s:271:25:271:Infinity":72,"f:273:9:273:33":4,"b:274:2:274:Infinity:undefined:undefined:undefined:undefined":17,"s:274:2:274:Infinity":73,"b:274:6:274:19:274:19:274:42":18,"s:274:42:274:Infinity":74,"s:275:12:275:Infinity":75,"s:276:2:284:Infinity":76,"b:277:4:277:Infinity:278:4:278:Infinity:279:4:279:Infinity:280:4:280:Infinity:281:4:281:Infinity:282:4:282:Infinity:283:4:283:Infinity:284:4:284:Infinity":19,"f:288:9:288:28":5,"b:289:2:289:Infinity:undefined:undefined:undefined:undefined":20,"s:289:2:289:Infinity":77,"b:289:6:289:19:289:19:289:42":21,"s:289:42:289:Infinity":78,"s:290:12:290:Infinity":79,"s:291:2:296:Infinity":80,"b:292:4:292:Infinity:293:4:293:Infinity:294:4:294:Infinity:295:4:295:Infinity:296:4:296:Infinity":22,"f:302:15:302:42":6,"b:303:2:303:Infinity:undefined:undefined:undefined:undefined":23,"s:303:2:303:Infinity":81,"s:303:37:303:Infinity":82,"s:305:2:305:Infinity":83,"s:307:13:307:Infinity":84,"s:309:41:313:Infinity":85,"s:315:2:315:Infinity":86,"s:316:2:316:Infinity":87,"s:317:2:319:Infinity":88,"b:318:6:318:Infinity:319:6:319:Infinity":24,"s:321:2:321:Infinity":89,"f:325:16:325:45":7,"b:326:2:326:Infinity:undefined:undefined:undefined:undefined":25,"s:326:2:326:Infinity":90,"s:326:19:326:Infinity":91,"b:327:2:329:Infinity:undefined:undefined:undefined:undefined":26,"s:327:2:329:Infinity":92,"s:328:4:328:Infinity":93,"s:330:2:330:Infinity":94,"f:334:16:334:42":8,"s:335:2:335:Infinity":95,"f:340:16:340:59":9,"s:341:2:341:Infinity":96,"f:344:16:344:37":10,"s:345:2:345:Infinity":97,"s:347:2:347:Infinity":98,"f:347:15:347:16":11,"s:347:23:347:60":99,"f:352:16:352:49":12,"s:353:2:353:Infinity":100,"f:356:16:356:32":13,"s:357:2:357:Infinity":101,"s:358:2:358:Infinity":102,"f:358:15:358:16":14,"s:358:23:358:55":103,"f:363:16:363:50":15,"s:364:2:364:Infinity":104,"f:367:16:367:32":16,"s:368:2:368:Infinity":105,"s:369:2:369:Infinity":106,"f:369:15:369:16":17,"s:369:23:369:71":107,"f:384:22:384:52":18,"s:385:13:385:Infinity":108,"s:386:2:393:Infinity":109,"s:394:2:394:Infinity":110,"s:395:2:395:Infinity":111,"s:396:2:396:Infinity":112,"f:402:16:402:27":19,"b:403:2:403:Infinity:undefined:undefined:undefined:undefined":27,"s:403:2:403:Infinity":113,"s:403:37:403:Infinity":114,"s:405:4:407:Infinity":115,"b:405:4:405:Infinity:406:5:406:Infinity:407:6:407:Infinity":28,"s:408:2:408:Infinity":116,"s:409:2:413:Infinity":117,"s:410:4:410:Infinity":118,"f:418:16:418:37":20,"s:419:2:419:Infinity":119}}}
}
